# JRE version: Java(TM) SE Runtime Environment (8.0_221-b11) (build 1.8.0_221-b11)
# Java VM: Java HotSpot(TM) 64-Bit Server VM (25.221-b11 mixed mode windows-amd64 compressed oops)
Heap:
 PSYoungGen      total 122880K, used 98564K [0x00000000d6000000, 0x00000000dec80000, 0x0000000100000000)
  eden space 109056K, 77% used [0x00000000d6000000,0x00000000db2c4a30,0x00000000dca80000)
  from space 13824K, 99% used [0x00000000dda00000,0x00000000de77c940,0x00000000de780000)
  to   space 5120K, 0% used [0x00000000de780000,0x00000000de780000,0x00000000dec80000)
 ParOldGen       total 72704K, used 24212K [0x0000000082000000, 0x0000000086700000, 0x00000000d6000000)
  object space 72704K, 33% used [0x0000000082000000,0x00000000837a5390,0x0000000086700000)
 Metaspace       used 27758K, capacity 28318K, committed 28416K, reserved 1075200K
  class space    used 3171K, capacity 3317K, committed 3328K, reserved 1048576K
GC Heap History (10 events):
Event: 6.934 GC heap before
{Heap before GC invocations=6 (full 0):
 PSYoungGen      total 37888K, used 37888K [0x00000000d6000000, 0x00000000db200000, 0x0000000100000000)
  eden space 32768K, 100% used [0x00000000d6000000,0x00000000d8000000,0x00000000d8000000)
  from space 5120K, 100% used [0x00000000d8000000,0x00000000d8500000,0x00000000d8500000)
  to   space 9216K, 0% used [0x00000000da900000,0x00000000da900000,0x00000000db200000)
 ParOldGen       total 86016K, used 8916K [0x0000000082000000, 0x0000000087400000, 0x00000000d6000000)
  object space 86016K, 10% used [0x0000000082000000,0x00000000828b52e8,0x0000000087400000)
 Metaspace       used 16626K, capacity 17006K, committed 17152K, reserved 1064960K
  class space    used 1932K, capacity 2024K, committed 2048K, reserved 1048576K
Event: 6.953 GC heap after
Heap after GC invocations=6 (full 0):
 PSYoungGen      total 73728K, used 6848K [0x00000000d6000000, 0x00000000db100000, 0x0000000100000000)
  eden space 65536K, 0% used [0x00000000d6000000,0x00000000d6000000,0x00000000da000000)
  from space 8192K, 83% used [0x00000000da900000,0x00000000dafb0000,0x00000000db100000)
  to   space 8704K, 0% used [0x00000000da000000,0x00000000da000000,0x00000000da880000)
 ParOldGen       total 86016K, used 8916K [0x0000000082000000, 0x0000000087400000, 0x00000000d6000000)
  object space 86016K, 10% used [0x0000000082000000,0x00000000828b52e8,0x0000000087400000)
 Metaspace       used 16626K, capacity 17006K, committed 17152K, reserved 1064960K
  class space    used 1932K, capacity 2024K, committed 2048K, reserved 1048576K
}
Event: 11.647 GC heap before
{Heap before GC invocations=7 (full 0):
 PSYoungGen      total 73728K, used 60446K [0x00000000d6000000, 0x00000000db100000, 0x0000000100000000)
  eden space 65536K, 81% used [0x00000000d6000000,0x00000000d9457bf0,0x00000000da000000)
  from space 8192K, 83% used [0x00000000da900000,0x00000000dafb0000,0x00000000db100000)
  to   space 8704K, 0% used [0x00000000da000000,0x00000000da000000,0x00000000da880000)
 ParOldGen       total 86016K, used 8916K [0x0000000082000000, 0x0000000087400000, 0x00000000d6000000)
  object space 86016K, 10% used [0x0000000082000000,0x00000000828b52e8,0x0000000087400000)
 Metaspace       used 20606K, capacity 21146K, committed 21296K, reserved 1069056K
  class space    used 2470K, capacity 2640K, committed 2688K, reserved 1048576K
Event: 11.684 GC heap after
Heap after GC invocations=7 (full 0):
 PSYoungGen      total 74240K, used 8677K [0x00000000d6000000, 0x00000000df500000, 0x0000000100000000)
  eden space 65536K, 0% used [0x00000000d6000000,0x00000000d6000000,0x00000000da000000)
  from space 8704K, 99% used [0x00000000da000000,0x00000000da8795d0,0x00000000da880000)
  to   space 10752K, 0% used [0x00000000dea80000,0x00000000dea80000,0x00000000df500000)
 ParOldGen       total 86016K, used 12029K [0x0000000082000000, 0x0000000087400000, 0x00000000d6000000)
  object space 86016K, 13% used [0x0000000082000000,0x0000000082bbf580,0x0000000087400000)
 Metaspace       used 20606K, capacity 21146K, committed 21296K, reserved 1069056K
  class space    used 2470K, capacity 2640K, committed 2688K, reserved 1048576K
}
Event: 11.684 GC heap before
{Heap before GC invocations=8 (full 1):
 PSYoungGen      total 74240K, used 8677K [0x00000000d6000000, 0x00000000df500000, 0x0000000100000000)
  eden space 65536K, 0% used [0x00000000d6000000,0x00000000d6000000,0x00000000da000000)
  from space 8704K, 99% used [0x00000000da000000,0x00000000da8795d0,0x00000000da880000)
  to   space 10752K, 0% used [0x00000000dea80000,0x00000000dea80000,0x00000000df500000)
 ParOldGen       total 86016K, used 12029K [0x0000000082000000, 0x0000000087400000, 0x00000000d6000000)
  object space 86016K, 13% used [0x0000000082000000,0x0000000082bbf580,0x0000000087400000)
 Metaspace       used 20606K, capacity 21146K, committed 21296K, reserved 1069056K
  class space    used 2470K, capacity 2640K, committed 2688K, reserved 1048576K
Event: 11.893 GC heap after
Heap after GC invocations=8 (full 1):
 PSYoungGen      total 74240K, used 0K [0x00000000d6000000, 0x00000000df500000, 0x0000000100000000)
  eden space 65536K, 0% used [0x00000000d6000000,0x00000000d6000000,0x00000000da000000)
  from space 8704K, 0% used [0x00000000da000000,0x00000000da000000,0x00000000da880000)
  to   space 10752K, 0% used [0x00000000dea80000,0x00000000dea80000,0x00000000df500000)
 ParOldGen       total 72704K, used 15110K [0x0000000082000000, 0x0000000086700000, 0x00000000d6000000)
  object space 72704K, 20% used [0x0000000082000000,0x0000000082ec18b8,0x0000000086700000)
 Metaspace       used 20606K, capacity 21146K, committed 21296K, reserved 1069056K
  class space    used 2470K, capacity 2640K, committed 2688K, reserved 1048576K
}
Event: 15.824 GC heap before
{Heap before GC invocations=9 (full 1):
 PSYoungGen      total 74240K, used 65536K [0x00000000d6000000, 0x00000000df500000, 0x0000000100000000)
  eden space 65536K, 100% used [0x00000000d6000000,0x00000000da000000,0x00000000da000000)
  from space 8704K, 0% used [0x00000000da000000,0x00000000da000000,0x00000000da880000)
  to   space 10752K, 0% used [0x00000000dea80000,0x00000000dea80000,0x00000000df500000)
 ParOldGen       total 72704K, used 15110K [0x0000000082000000, 0x0000000086700000, 0x00000000d6000000)
  object space 72704K, 20% used [0x0000000082000000,0x0000000082ec18b8,0x0000000086700000)
 Metaspace       used 25167K, capacity 25696K, committed 25984K, reserved 1073152K
  class space    used 2939K, capacity 3089K, committed 3200K, reserved 1048576K
Event: 15.851 GC heap after
Heap after GC invocations=9 (full 1):
 PSYoungGen      total 100352K, used 10735K [0x00000000d6000000, 0x00000000df500000, 0x0000000100000000)
  eden space 89600K, 0% used [0x00000000d6000000,0x00000000d6000000,0x00000000db780000)
  from space 10752K, 99% used [0x00000000dea80000,0x00000000df4fbc70,0x00000000df500000)
  to   space 13824K, 0% used [0x00000000dda00000,0x00000000dda00000,0x00000000de780000)
 ParOldGen       total 72704K, used 18854K [0x0000000082000000, 0x0000000086700000, 0x00000000d6000000)
  object space 72704K, 25% used [0x0000000082000000,0x00000000832699a0,0x0000000086700000)
 Metaspace       used 25167K, capacity 25696K, committed 25984K, reserved 1073152K
  class space    used 2939K, capacity 3089K, committed 3200K, reserved 1048576K
}
Event: 19.364 GC heap before
{Heap before GC invocations=10 (full 1):
 PSYoungGen      total 100352K, used 100335K [0x00000000d6000000, 0x00000000df500000, 0x0000000100000000)
  eden space 89600K, 100% used [0x00000000d6000000,0x00000000db780000,0x00000000db780000)
  from space 10752K, 99% used [0x00000000dea80000,0x00000000df4fbc70,0x00000000df500000)
  to   space 13824K, 0% used [0x00000000dda00000,0x00000000dda00000,0x00000000de780000)
 ParOldGen       total 72704K, used 18854K [0x0000000082000000, 0x0000000086700000, 0x00000000d6000000)
  object space 72704K, 25% used [0x0000000082000000,0x00000000832699a0,0x0000000086700000)
 Metaspace       used 26736K, capacity 27326K, committed 27648K, reserved 1073152K
  class space    used 3080K, capacity 3221K, committed 3328K, reserved 1048576K
Event: 19.396 GC heap after
Heap after GC invocations=10 (full 1):
 PSYoungGen      total 122880K, used 13810K [0x00000000d6000000, 0x00000000dec80000, 0x0000000100000000)
  eden space 109056K, 0% used [0x00000000d6000000,0x00000000d6000000,0x00000000dca80000)
  from space 13824K, 99% used [0x00000000dda00000,0x00000000de77c940,0x00000000de780000)
  to   space 5120K, 0% used [0x00000000de780000,0x00000000de780000,0x00000000dec80000)
 ParOldGen       total 72704K, used 24212K [0x0000000082000000, 0x0000000086700000, 0x00000000d6000000)
  object space 72704K, 33% used [0x0000000082000000,0x00000000837a5390,0x0000000086700000)
 Metaspace       used 26736K, capacity 27326K, committed 27648K, reserved 1073152K
  class space    used 3080K, capacity 3221K, committed 3328K, reserved 1048576K
}

